빌드 시작: 2016-11-24 오전 11:45:59
     1>2 노드의 "c:\Users\2014105024.com\documents\visual studio 2010\Projects\11월24일\tournament3\tournament3.vcxproj" 프로젝트(build 대상)입니다.
     1>InitializeBuildStatus:
         "Debug\tournament3.unsuccessfulbuild"에 연결(touching)하고 있습니다.
       ClCompile:
         C:\Program Files\Microsoft Visual Studio 10.0\VC\bin\CL.exe /c /ZI /nologo /W3 /WX- /Od /Oy- /D WIN32 /D _DEBUG /D _CONSOLE /D _UNICODE /D UNICODE /Gm /EHsc /RTC1 /MDd /GS /fp:precise /Zc:wchar_t /Zc:forScope /Fo"Debug\\" /Fd"Debug\vc100.pdb" /Gd /TP /analyze- /errorReport:prompt binpacking3.cpp
         binpacking3.cpp
     1>c:\users\2014105024.com\documents\visual studio 2010\projects\11월24일\tournament3\binpacking3.cpp(52): warning C4244: '초기화 중' : 'double'에서 'int'(으)로 변환하면서 데이터가 손실될 수 있습니다.
     1>c:\users\2014105024.com\documents\visual studio 2010\projects\11월24일\tournament3\binpacking3.cpp(92): warning C4244: '초기화 중' : 'double'에서 'int'(으)로 변환하면서 데이터가 손실될 수 있습니다.
     1>c:\users\2014105024.com\documents\visual studio 2010\projects\11월24일\tournament3\binpacking3.cpp(91): warning C4101: 'p' :참조되지 않은 지역 변수입니다.
       ManifestResourceCompile:
         모든 출력이 최신 상태입니다.
       Link:
         C:\Program Files\Microsoft Visual Studio 10.0\VC\bin\link.exe /ERRORREPORT:PROMPT /OUT:"c:\users\2014105024.com\documents\visual studio 2010\Projects\11월24일\Debug\tournament3.exe" /INCREMENTAL /NOLOGO kernel32.lib user32.lib gdi32.lib winspool.lib comdlg32.lib advapi32.lib shell32.lib ole32.lib oleaut32.lib uuid.lib odbc32.lib odbccp32.lib /MANIFEST /ManifestFile:"Debug\tournament3.exe.intermediate.manifest" /MANIFESTUAC:"level='asInvoker' uiAccess='false'" /DEBUG /PDB:"c:\users\2014105024.com\documents\visual studio 2010\Projects\11월24일\Debug\tournament3.pdb" /SUBSYSTEM:CONSOLE /TLBID:1 /DYNAMICBASE /NXCOMPAT /IMPLIB:"c:\users\2014105024.com\documents\visual studio 2010\Projects\11월24일\Debug\tournament3.lib" /MACHINE:X86 Debug\tournament3.exe.embed.manifest.res
         Debug\binpacking3.obj
       Manifest:
         C:\Program Files\Microsoft SDKs\Windows\v7.0A\bin\mt.exe /nologo /verbose /out:"Debug\tournament3.exe.embed.manifest" /manifest Debug\tournament3.exe.intermediate.manifest
         모든 출력이 최신 상태입니다.
       LinkEmbedManifest:
         모든 출력이 최신 상태입니다.
         tournament3.vcxproj -> c:\users\2014105024.com\documents\visual studio 2010\Projects\11월24일\Debug\tournament3.exe
       FinalizeBuildStatus:
         "Debug\tournament3.unsuccessfulbuild" 파일을 삭제하고 있습니다.
         "Debug\tournament3.lastbuildstate"에 연결(touching)하고 있습니다.
     1>"c:\Users\2014105024.com\documents\visual studio 2010\Projects\11월24일\tournament3\tournament3.vcxproj" 프로젝트를 빌드했습니다(build 대상).

빌드했습니다.

경과 시간: 00:00:00.62
